# JRE version: OpenJDK Runtime Environment (11.0.7+10) (build 11.0.7+10-post-Ubuntu-2ubuntu218.04)
# Java VM: OpenJDK 64-Bit Server VM (11.0.7+10-post-Ubuntu-2ubuntu218.04, mixed mode, sharing, tiered, compressed oops, g1 gc, linux-amd64)
Heap:
 garbage-first heap   total 258048K, used 60288K [0x0000000707000000, 0x0000000800000000)
  region size 1024K, 2 young (2048K), 1 survivors (1024K)
 Metaspace       used 17314K, capacity 17974K, committed 18304K, reserved 1064960K
  class space    used 1779K, capacity 2064K, committed 2176K, reserved 1048576K
GC Heap History (20 events):
Event: 1660.085 GC heap before
{Heap before GC invocations=199 (full 0):
 garbage-first heap   total 258048K, used 151400K [0x0000000707000000, 0x0000000800000000)
  region size 1024K, 41 young (41984K), 1 survivors (1024K)
 Metaspace       used 17312K, capacity 17974K, committed 18304K, reserved 1064960K
  class space    used 1779K, capacity 2064K, committed 2176K, reserved 1048576K
}
Event: 1660.091 GC heap after
{Heap after GC invocations=200 (full 0):
 garbage-first heap   total 258048K, used 58220K [0x0000000707000000, 0x0000000800000000)
  region size 1024K, 1 young (1024K), 1 survivors (1024K)
 Metaspace       used 17312K, capacity 17974K, committed 18304K, reserved 1064960K
  class space    used 1779K, capacity 2064K, committed 2176K, reserved 1048576K
}
Event: 1676.048 GC heap before
{Heap before GC invocations=201 (full 0):
 garbage-first heap   total 258048K, used 153452K [0x0000000707000000, 0x0000000800000000)
  region size 1024K, 43 young (44032K), 1 survivors (1024K)
 Metaspace       used 17312K, capacity 17974K, committed 18304K, reserved 1064960K
  class space    used 1779K, capacity 2064K, committed 2176K, reserved 1048576K
}
Event: 1676.051 GC heap after
{Heap after GC invocations=202 (full 0):
 garbage-first heap   total 258048K, used 58218K [0x0000000707000000, 0x0000000800000000)
  region size 1024K, 1 young (1024K), 1 survivors (1024K)
 Metaspace       used 17312K, capacity 17974K, committed 18304K, reserved 1064960K
  class space    used 1779K, capacity 2064K, committed 2176K, reserved 1048576K
}
Event: 1691.315 GC heap before
{Heap before GC invocations=203 (full 0):
 garbage-first heap   total 258048K, used 151402K [0x0000000707000000, 0x0000000800000000)
  region size 1024K, 41 young (41984K), 1 survivors (1024K)
 Metaspace       used 17312K, capacity 17974K, committed 18304K, reserved 1064960K
  class space    used 1779K, capacity 2064K, committed 2176K, reserved 1048576K
}
Event: 1691.325 GC heap after
{Heap after GC invocations=204 (full 0):
 garbage-first heap   total 258048K, used 58221K [0x0000000707000000, 0x0000000800000000)
  region size 1024K, 1 young (1024K), 1 survivors (1024K)
 Metaspace       used 17312K, capacity 17974K, committed 18304K, reserved 1064960K
  class space    used 1779K, capacity 2064K, committed 2176K, reserved 1048576K
}
Event: 1707.351 GC heap before
{Heap before GC invocations=205 (full 0):
 garbage-first heap   total 258048K, used 152429K [0x0000000707000000, 0x0000000800000000)
  region size 1024K, 42 young (43008K), 1 survivors (1024K)
 Metaspace       used 17312K, capacity 17974K, committed 18304K, reserved 1064960K
  class space    used 1779K, capacity 2064K, committed 2176K, reserved 1048576K
}
Event: 1707.365 GC heap after
{Heap after GC invocations=206 (full 0):
 garbage-first heap   total 258048K, used 58233K [0x0000000707000000, 0x0000000800000000)
  region size 1024K, 1 young (1024K), 1 survivors (1024K)
 Metaspace       used 17312K, capacity 17974K, committed 18304K, reserved 1064960K
  class space    used 1779K, capacity 2064K, committed 2176K, reserved 1048576K
}
Event: 1723.370 GC heap before
{Heap before GC invocations=207 (full 0):
 garbage-first heap   total 258048K, used 151417K [0x0000000707000000, 0x0000000800000000)
  region size 1024K, 41 young (41984K), 1 survivors (1024K)
 Metaspace       used 17312K, capacity 17974K, committed 18304K, reserved 1064960K
  class space    used 1779K, capacity 2064K, committed 2176K, reserved 1048576K
}
Event: 1723.381 GC heap after
{Heap after GC invocations=208 (full 0):
 garbage-first heap   total 258048K, used 58233K [0x0000000707000000, 0x0000000800000000)
  region size 1024K, 1 young (1024K), 1 survivors (1024K)
 Metaspace       used 17312K, capacity 17974K, committed 18304K, reserved 1064960K
  class space    used 1779K, capacity 2064K, committed 2176K, reserved 1048576K
}
Event: 1739.854 GC heap before
{Heap before GC invocations=209 (full 0):
 garbage-first heap   total 258048K, used 153465K [0x0000000707000000, 0x0000000800000000)
  region size 1024K, 43 young (44032K), 1 survivors (1024K)
 Metaspace       used 17314K, capacity 17974K, committed 18304K, reserved 1064960K
  class space    used 1779K, capacity 2064K, committed 2176K, reserved 1048576K
}
Event: 1739.857 GC heap after
{Heap after GC invocations=210 (full 0):
 garbage-first heap   total 258048K, used 58231K [0x0000000707000000, 0x0000000800000000)
  region size 1024K, 1 young (1024K), 1 survivors (1024K)
 Metaspace       used 17314K, capacity 17974K, committed 18304K, reserved 1064960K
  class space    used 1779K, capacity 2064K, committed 2176K, reserved 1048576K
}
Event: 1756.354 GC heap before
{Heap before GC invocations=211 (full 0):
 garbage-first heap   total 258048K, used 151415K [0x0000000707000000, 0x0000000800000000)
  region size 1024K, 41 young (41984K), 1 survivors (1024K)
 Metaspace       used 17314K, capacity 17974K, committed 18304K, reserved 1064960K
  class space    used 1779K, capacity 2064K, committed 2176K, reserved 1048576K
}
Event: 1756.363 GC heap after
{Heap after GC invocations=212 (full 0):
 garbage-first heap   total 258048K, used 58233K [0x0000000707000000, 0x0000000800000000)
  region size 1024K, 1 young (1024K), 1 survivors (1024K)
 Metaspace       used 17314K, capacity 17974K, committed 18304K, reserved 1064960K
  class space    used 1779K, capacity 2064K, committed 2176K, reserved 1048576K
}
Event: 1772.803 GC heap before
{Heap before GC invocations=213 (full 0):
 garbage-first heap   total 258048K, used 153465K [0x0000000707000000, 0x0000000800000000)
  region size 1024K, 43 young (44032K), 1 survivors (1024K)
 Metaspace       used 17314K, capacity 17974K, committed 18304K, reserved 1064960K
  class space    used 1779K, capacity 2064K, committed 2176K, reserved 1048576K
}
Event: 1772.811 GC heap after
{Heap after GC invocations=214 (full 0):
 garbage-first heap   total 258048K, used 58235K [0x0000000707000000, 0x0000000800000000)
  region size 1024K, 1 young (1024K), 1 survivors (1024K)
 Metaspace       used 17314K, capacity 17974K, committed 18304K, reserved 1064960K
  class space    used 1779K, capacity 2064K, committed 2176K, reserved 1048576K
}
Event: 1789.106 GC heap before
{Heap before GC invocations=215 (full 0):
 garbage-first heap   total 258048K, used 151419K [0x0000000707000000, 0x0000000800000000)
  region size 1024K, 41 young (41984K), 1 survivors (1024K)
 Metaspace       used 17314K, capacity 17974K, committed 18304K, reserved 1064960K
  class space    used 1779K, capacity 2064K, committed 2176K, reserved 1048576K
}
Event: 1789.115 GC heap after
{Heap after GC invocations=216 (full 0):
 garbage-first heap   total 258048K, used 58242K [0x0000000707000000, 0x0000000800000000)
  region size 1024K, 1 young (1024K), 1 survivors (1024K)
 Metaspace       used 17314K, capacity 17974K, committed 18304K, reserved 1064960K
  class space    used 1779K, capacity 2064K, committed 2176K, reserved 1048576K
}
Event: 1804.459 GC heap before
{Heap before GC invocations=217 (full 0):
 garbage-first heap   total 258048K, used 151426K [0x0000000707000000, 0x0000000800000000)
  region size 1024K, 41 young (41984K), 1 survivors (1024K)
 Metaspace       used 17314K, capacity 17974K, committed 18304K, reserved 1064960K
  class space    used 1779K, capacity 2064K, committed 2176K, reserved 1048576K
}
Event: 1804.477 GC heap after
{Heap after GC invocations=218 (full 0):
 garbage-first heap   total 258048K, used 58240K [0x0000000707000000, 0x0000000800000000)
  region size 1024K, 1 young (1024K), 1 survivors (1024K)
 Metaspace       used 17314K, capacity 17974K, committed 18304K, reserved 1064960K
  class space    used 1779K, capacity 2064K, committed 2176K, reserved 1048576K
}

