# JRE version: OpenJDK Runtime Environment (11.0.4+11) (build 11.0.4+11-post-Ubuntu-1ubuntu218.04.3)
# Java VM: OpenJDK 64-Bit Server VM (11.0.4+11-post-Ubuntu-1ubuntu218.04.3, mixed mode, sharing, tiered, compressed oops, g1 gc, linux-amd64)
Heap:
 garbage-first heap   total 258048K, used 87544K [0x0000000706a00000, 0x0000000800000000)
  region size 1024K, 62 young (63488K), 1 survivors (1024K)
 Metaspace       used 11390K, capacity 11679K, committed 11904K, reserved 1060864K
  class space    used 1268K, capacity 1366K, committed 1408K, reserved 1048576K
GC Heap History (6 events):
Event: 0.729 GC heap before
{Heap before GC invocations=0 (full 0):
 garbage-first heap   total 258048K, used 24184K [0x0000000706a00000, 0x0000000800000000)
  region size 1024K, 24 young (24576K), 0 survivors (0K)
 Metaspace       used 8856K, capacity 9132K, committed 9472K, reserved 1056768K
  class space    used 1042K, capacity 1158K, committed 1280K, reserved 1048576K
}
Event: 0.739 GC heap after
{Heap after GC invocations=1 (full 0):
 garbage-first heap   total 258048K, used 4974K [0x0000000706a00000, 0x0000000800000000)
  region size 1024K, 3 young (3072K), 3 survivors (3072K)
 Metaspace       used 8856K, capacity 9132K, committed 9472K, reserved 1056768K
  class space    used 1042K, capacity 1158K, committed 1280K, reserved 1048576K
}
Event: 3.820 GC heap before
{Heap before GC invocations=1 (full 0):
 garbage-first heap   total 258048K, used 46958K [0x0000000706a00000, 0x0000000800000000)
  region size 1024K, 24 young (24576K), 3 survivors (3072K)
 Metaspace       used 10813K, capacity 11099K, committed 11392K, reserved 1058816K
  class space    used 1268K, capacity 1366K, committed 1408K, reserved 1048576K
}
Event: 3.830 GC heap after
{Heap after GC invocations=2 (full 0):
 garbage-first heap   total 258048K, used 27308K [0x0000000706a00000, 0x0000000800000000)
  region size 1024K, 1 young (1024K), 1 survivors (1024K)
 Metaspace       used 10813K, capacity 11099K, committed 11392K, reserved 1058816K
  class space    used 1268K, capacity 1366K, committed 1408K, reserved 1048576K
}
Event: 16.965 GC heap before
{Heap before GC invocations=2 (full 0):
 garbage-first heap   total 258048K, used 83628K [0x0000000706a00000, 0x0000000800000000)
  region size 1024K, 57 young (58368K), 1 survivors (1024K)
 Metaspace       used 11236K, capacity 11487K, committed 11648K, reserved 1058816K
  class space    used 1268K, capacity 1366K, committed 1408K, reserved 1048576K
}
Event: 16.970 GC heap after
{Heap after GC invocations=3 (full 0):
 garbage-first heap   total 258048K, used 27128K [0x0000000706a00000, 0x0000000800000000)
  region size 1024K, 1 young (1024K), 1 survivors (1024K)
 Metaspace       used 11236K, capacity 11487K, committed 11648K, reserved 1058816K
  class space    used 1268K, capacity 1366K, committed 1408K, reserved 1048576K
}

