# JRE version: OpenJDK Runtime Environment (11.0.7+10) (build 11.0.7+10-post-Ubuntu-2ubuntu218.04)
# Java VM: OpenJDK 64-Bit Server VM (11.0.7+10-post-Ubuntu-2ubuntu218.04, mixed mode, sharing, tiered, compressed oops, g1 gc, linux-amd64)
Heap:
 garbage-first heap   total 258048K, used 49125K [0x0000000707000000, 0x0000000800000000)
  region size 1024K, 6 young (6144K), 4 survivors (4096K)
 Metaspace       used 16602K, capacity 17299K, committed 17408K, reserved 1064960K
  class space    used 1727K, capacity 2031K, committed 2048K, reserved 1048576K
GC Heap History (20 events):
Event: 617.658 GC heap before
{Heap before GC invocations=662 (full 0):
 garbage-first heap   total 258048K, used 124869K [0x0000000707000000, 0x0000000800000000)
  region size 1024K, 17 young (17408K), 3 survivors (3072K)
 Metaspace       used 16602K, capacity 17299K, committed 17408K, reserved 1064960K
  class space    used 1727K, capacity 2031K, committed 2048K, reserved 1048576K
}
Event: 617.659 GC heap after
{Heap after GC invocations=663 (full 0):
 garbage-first heap   total 258048K, used 27593K [0x0000000707000000, 0x0000000800000000)
  region size 1024K, 5 young (5120K), 5 survivors (5120K)
 Metaspace       used 16602K, capacity 17299K, committed 17408K, reserved 1064960K
  class space    used 1727K, capacity 2031K, committed 2048K, reserved 1048576K
}
Event: 619.326 GC heap before
{Heap before GC invocations=664 (full 0):
 garbage-first heap   total 258048K, used 113609K [0x0000000707000000, 0x0000000800000000)
  region size 1024K, 14 young (14336K), 5 survivors (5120K)
 Metaspace       used 16602K, capacity 17299K, committed 17408K, reserved 1064960K
  class space    used 1727K, capacity 2031K, committed 2048K, reserved 1048576K
}
Event: 619.337 GC heap after
{Heap after GC invocations=665 (full 0):
 garbage-first heap   total 258048K, used 23549K [0x0000000707000000, 0x0000000800000000)
  region size 1024K, 4 young (4096K), 4 survivors (4096K)
 Metaspace       used 16602K, capacity 17299K, committed 17408K, reserved 1064960K
  class space    used 1727K, capacity 2031K, committed 2048K, reserved 1048576K
}
Event: 621.052 GC heap before
{Heap before GC invocations=666 (full 0):
 garbage-first heap   total 258048K, used 124925K [0x0000000707000000, 0x0000000800000000)
  region size 1024K, 15 young (15360K), 4 survivors (4096K)
 Metaspace       used 16602K, capacity 17299K, committed 17408K, reserved 1064960K
  class space    used 1727K, capacity 2031K, committed 2048K, reserved 1048576K
}
Event: 621.060 GC heap after
{Heap after GC invocations=667 (full 0):
 garbage-first heap   total 258048K, used 29698K [0x0000000707000000, 0x0000000800000000)
  region size 1024K, 4 young (4096K), 4 survivors (4096K)
 Metaspace       used 16602K, capacity 17299K, committed 17408K, reserved 1064960K
  class space    used 1727K, capacity 2031K, committed 2048K, reserved 1048576K
}
Event: 622.931 GC heap before
{Heap before GC invocations=668 (full 0):
 garbage-first heap   total 258048K, used 124930K [0x0000000707000000, 0x0000000800000000)
  region size 1024K, 15 young (15360K), 4 survivors (4096K)
 Metaspace       used 16602K, capacity 17299K, committed 17408K, reserved 1064960K
  class space    used 1727K, capacity 2031K, committed 2048K, reserved 1048576K
}
Event: 622.935 GC heap after
{Heap after GC invocations=669 (full 0):
 garbage-first heap   total 258048K, used 25940K [0x0000000707000000, 0x0000000800000000)
  region size 1024K, 3 young (3072K), 3 survivors (3072K)
 Metaspace       used 16602K, capacity 17299K, committed 17408K, reserved 1064960K
  class space    used 1727K, capacity 2031K, committed 2048K, reserved 1048576K
}
Event: 624.599 GC heap before
{Heap before GC invocations=670 (full 0):
 garbage-first heap   total 258048K, used 121172K [0x0000000707000000, 0x0000000800000000)
  region size 1024K, 14 young (14336K), 3 survivors (3072K)
 Metaspace       used 16602K, capacity 17299K, committed 17408K, reserved 1064960K
  class space    used 1727K, capacity 2031K, committed 2048K, reserved 1048576K
}
Event: 624.606 GC heap after
{Heap after GC invocations=671 (full 0):
 garbage-first heap   total 258048K, used 25933K [0x0000000707000000, 0x0000000800000000)
  region size 1024K, 3 young (3072K), 3 survivors (3072K)
 Metaspace       used 16602K, capacity 17299K, committed 17408K, reserved 1064960K
  class space    used 1727K, capacity 2031K, committed 2048K, reserved 1048576K
}
Event: 626.258 GC heap before
{Heap before GC invocations=672 (full 0):
 garbage-first heap   total 258048K, used 121165K [0x0000000707000000, 0x0000000800000000)
  region size 1024K, 14 young (14336K), 3 survivors (3072K)
 Metaspace       used 16602K, capacity 17299K, committed 17408K, reserved 1064960K
  class space    used 1727K, capacity 2031K, committed 2048K, reserved 1048576K
}
Event: 626.263 GC heap after
{Heap after GC invocations=673 (full 0):
 garbage-first heap   total 258048K, used 25930K [0x0000000707000000, 0x0000000800000000)
  region size 1024K, 3 young (3072K), 3 survivors (3072K)
 Metaspace       used 16602K, capacity 17299K, committed 17408K, reserved 1064960K
  class space    used 1727K, capacity 2031K, committed 2048K, reserved 1048576K
}
Event: 628.298 GC heap before
{Heap before GC invocations=674 (full 0):
 garbage-first heap   total 258048K, used 125258K [0x0000000707000000, 0x0000000800000000)
  region size 1024K, 17 young (17408K), 3 survivors (3072K)
 Metaspace       used 16602K, capacity 17299K, committed 17408K, reserved 1064960K
  class space    used 1727K, capacity 2031K, committed 2048K, reserved 1048576K
}
Event: 628.300 GC heap after
{Heap after GC invocations=675 (full 0):
 garbage-first heap   total 258048K, used 27601K [0x0000000707000000, 0x0000000800000000)
  region size 1024K, 5 young (5120K), 5 survivors (5120K)
 Metaspace       used 16602K, capacity 17299K, committed 17408K, reserved 1064960K
  class space    used 1727K, capacity 2031K, committed 2048K, reserved 1048576K
}
Event: 630.194 GC heap before
{Heap before GC invocations=676 (full 0):
 garbage-first heap   total 258048K, used 118737K [0x0000000707000000, 0x0000000800000000)
  region size 1024K, 13 young (13312K), 5 survivors (5120K)
 Metaspace       used 16602K, capacity 17299K, committed 17408K, reserved 1064960K
  class space    used 1727K, capacity 2031K, committed 2048K, reserved 1048576K
}
Event: 630.196 GC heap after
{Heap after GC invocations=677 (full 0):
 garbage-first heap   total 258048K, used 25941K [0x0000000707000000, 0x0000000800000000)
  region size 1024K, 3 young (3072K), 3 survivors (3072K)
 Metaspace       used 16602K, capacity 17299K, committed 17408K, reserved 1064960K
  class space    used 1727K, capacity 2031K, committed 2048K, reserved 1048576K
}
Event: 632.380 GC heap before
{Heap before GC invocations=678 (full 0):
 garbage-first heap   total 258048K, used 125269K [0x0000000707000000, 0x0000000800000000)
  region size 1024K, 16 young (16384K), 3 survivors (3072K)
 Metaspace       used 16602K, capacity 17299K, committed 17408K, reserved 1064960K
  class space    used 1727K, capacity 2031K, committed 2048K, reserved 1048576K
}
Event: 632.386 GC heap after
{Heap after GC invocations=679 (full 0):
 garbage-first heap   total 258048K, used 47353K [0x0000000707000000, 0x0000000800000000)
  region size 1024K, 3 young (3072K), 3 survivors (3072K)
 Metaspace       used 16602K, capacity 17299K, committed 17408K, reserved 1064960K
  class space    used 1727K, capacity 2031K, committed 2048K, reserved 1048576K
}
Event: 633.808 GC heap before
{Heap before GC invocations=680 (full 0):
 garbage-first heap   total 258048K, used 116985K [0x0000000707000000, 0x0000000800000000)
  region size 1024K, 11 young (11264K), 3 survivors (3072K)
 Metaspace       used 16602K, capacity 17299K, committed 17408K, reserved 1064960K
  class space    used 1727K, capacity 2031K, committed 2048K, reserved 1048576K
}
Event: 633.811 GC heap after
{Heap after GC invocations=681 (full 0):
 garbage-first heap   total 258048K, used 26597K [0x0000000707000000, 0x0000000800000000)
  region size 1024K, 4 young (4096K), 4 survivors (4096K)
 Metaspace       used 16602K, capacity 17299K, committed 17408K, reserved 1064960K
  class space    used 1727K, capacity 2031K, committed 2048K, reserved 1048576K
}

